<?xml version="1.0" encoding="UTF-8"?>
<!-- Generated by org.testng.reporters.JUnitReportReporter -->
<testsuite hostname="LAPTOP-FLNIDV9Q" failures="0" tests="2" name="com.test.scripts.TestClass" time="1.231" errors="0" timestamp="2023-06-16T12:54:46 IST" skipped="0">
  <testcase classname="com.test.scripts.TestClass" name="verifyvalidLgin" time="0.294"/>
  <system-out/>
  <testcase classname="com.test.scripts.TestClass" name="verifyinvalidLogin" time="0.937"/>
  <system-out/>
</testsuite> <!-- com.test.scripts.TestClass -->
